Determining if the pthread_create exist failed with the following output:
Change Dir: /media/zhoufeitong/工程/causual/socket_server/CMakeFiles/CMakeTmp

Run Build Command:"/usr/bin/make" "cmTC_3bacf/fast"
make[1]: Entering directory '/media/zhoufeitong/工程/causual/socket_server/CMakeFiles/CMakeTmp'
/usr/bin/make -f CMakeFiles/cmTC_3bacf.dir/build.make CMakeFiles/cmTC_3bacf.dir/build
make[2]: Entering directory '/media/zhoufeitong/工程/causual/socket_server/CMakeFiles/CMakeTmp'
Building C object CMakeFiles/cmTC_3bacf.dir/CheckSymbolExists.c.o
/usr/bin/cc     -o CMakeFiles/cmTC_3bacf.dir/CheckSymbolExists.c.o   -c /media/zhoufeitong/工程/causual/socket_server/CMakeFiles/CMakeTmp/CheckSymbolExists.c
Linking C executable cmTC_3bacf
/usr/bin/cmake -E cmake_link_script CMakeFiles/cmTC_3bacf.dir/link.txt --verbose=1
/usr/bin/cc       CMakeFiles/cmTC_3bacf.dir/CheckSymbolExists.c.o  -o cmTC_3bacf -rdynamic 
CMakeFiles/cmTC_3bacf.dir/CheckSymbolExists.c.o: In function `main':
CheckSymbolExists.c:(.text+0x16): undefined reference to `pthread_create'
collect2: error: ld returned 1 exit status
CMakeFiles/cmTC_3bacf.dir/build.make:97: recipe for target 'cmTC_3bacf' failed
make[2]: *** [cmTC_3bacf] Error 1
make[2]: Leaving directory '/media/zhoufeitong/工程/causual/socket_server/CMakeFiles/CMakeTmp'
Makefile:126: recipe for target 'cmTC_3bacf/fast' failed
make[1]: *** [cmTC_3bacf/fast] Error 2
make[1]: Leaving directory '/media/zhoufeitong/工程/causual/socket_server/CMakeFiles/CMakeTmp'

File /media/zhoufeitong/工程/causual/socket_server/CMakeFiles/CMakeTmp/CheckSymbolExists.c:
/* */
#include <pthread.h>

int main(int argc, char** argv)
{
  (void)argv;
#ifndef pthread_create
  return ((int*)(&pthread_create))[argc];
#else
  (void)argc;
  return 0;
#endif
}

Determining if the function pthread_create exists in the pthreads failed with the following output:
Change Dir: /media/zhoufeitong/工程/causual/socket_server/CMakeFiles/CMakeTmp

Run Build Command:"/usr/bin/make" "cmTC_baef4/fast"
make[1]: Entering directory '/media/zhoufeitong/工程/causual/socket_server/CMakeFiles/CMakeTmp'
/usr/bin/make -f CMakeFiles/cmTC_baef4.dir/build.make CMakeFiles/cmTC_baef4.dir/build
make[2]: Entering directory '/media/zhoufeitong/工程/causual/socket_server/CMakeFiles/CMakeTmp'
Building C object CMakeFiles/cmTC_baef4.dir/CheckFunctionExists.c.o
/usr/bin/cc    -DCHECK_FUNCTION_EXISTS=pthread_create   -o CMakeFiles/cmTC_baef4.dir/CheckFunctionExists.c.o   -c /usr/share/cmake-3.5/Modules/CheckFunctionExists.c
Linking C executable cmTC_baef4
/usr/bin/cmake -E cmake_link_script CMakeFiles/cmTC_baef4.dir/link.txt --verbose=1
/usr/bin/cc   -DCHECK_FUNCTION_EXISTS=pthread_create    CMakeFiles/cmTC_baef4.dir/CheckFunctionExists.c.o  -o cmTC_baef4 -rdynamic -lpthreads 
/usr/bin/ld: cannot find -lpthreads
collect2: error: ld returned 1 exit status
CMakeFiles/cmTC_baef4.dir/build.make:97: recipe for target 'cmTC_baef4' failed
make[2]: *** [cmTC_baef4] Error 1
make[2]: Leaving directory '/media/zhoufeitong/工程/causual/socket_server/CMakeFiles/CMakeTmp'
Makefile:126: recipe for target 'cmTC_baef4/fast' failed
make[1]: *** [cmTC_baef4/fast] Error 2
make[1]: Leaving directory '/media/zhoufeitong/工程/causual/socket_server/CMakeFiles/CMakeTmp'


